
$ [32mgit clone git@localhost:GuilhermeWeimann1/tragediariodoce .[0m
Cloning into '.'...
Warning: Permanently added 'localhost' (RSA) to the list of known hosts.
Command [32mgit clone git@localhost:GuilhermeWeimann1/tragediariodoce .[0m exited successfully with status 0. Took 0.57704 seconds.

$ [32mgit checkout master[0m
Already on 'master'
Your branch is up-to-date with 'origin/master'.
Command [32mgit checkout master[0m exited successfully with status 0. Took 0.03301 seconds.

$ [32mgit reset --hard 0db6f1dd22075118fb75dd4aecaca36e8d58d599[0m
HEAD is now at 0db6f1d Merge branch 'master' of github.com:GuilhermeWeimann1/tragediariodoce
Command [32mgit reset --hard 0db6f1dd22075118fb75dd4aecaca36e8d58d599[0m exited successfully with status 0. Took 0.03717 seconds.

$ [32mgit submodule update --init --recursive[0m
Command [32mgit submodule update --init --recursive[0m exited successfully with status 0. Took 0.05268 seconds.

$ export SNAP_CI=true
$ export CI=true
$ export SNAP_CACHE_DIR=/var/go
$ export LANG=en_US.UTF-8
$ export LC_ALL=en_US.UTF-8
$ export SNAP_WORKING_DIR=/var/snap-ci/repo
$ export SNAP_PIPELINE_COUNTER=4
$ export SNAP_STAGE_NAME=Default
$ export SNAP_BRANCH=master
$ export SNAP_COMMIT=0db6f1dd22075118fb75dd4aecaca36e8d58d599
$ export SNAP_COMMIT_SHORT=0db6f1d
$ export SNAP_TRACKING_PIPELINE=true
$ export SNAP_INTEGRATION_PIPELINE=false

$ [32mrbenv update > /dev/null[0m
Command [32mrbenv update > /dev/null[0m exited successfully with status 0. Took 5.01 seconds.

$ [32mrbenv download 2.2.0 && rbenv use 2.2.0 && rbenv rehash[0m
Download and extract ruby ruby-2.2.0
Ruby ruby-2.2.0 has been installed
Command [32mrbenv download 2.2.0 && rbenv use 2.2.0 && rbenv rehash[0m exited successfully with status 0. Took 1.75 seconds.

$ [32m./setup.sh[0m
Fetching gem metadata from https://rubygems.org/...........
Fetching version metadata from https://rubygems.org/...
Fetching dependency metadata from https://rubygems.org/..
Resolving dependencies...
Using rake 10.4.2
Using sass 3.4.20
Using thor 0.19.1
Using colorator 0.1
Using ffi 1.9.10
Using json 1.8.3
Using multi_xml 0.5.5
Using rb-fsevent 0.9.6
Using kramdown 1.9.0
Using liquid 3.0.6
Using mercenary 0.3.5
Using rouge 1.10.1
Using safe_yaml 1.0.4
Using jekyll-sitemap 0.9.0
Using redcarpet 3.3.4
Using slugify 1.0.6
Using bundler 1.11.2
Using rb-inotify 0.9.5
Using httparty 0.13.7
Using jekyll-gh-pages 0.1.0
Using listen 3.0.5
Using bourbon 4.2.6
Using jekyll-sass-converter 1.4.0
Using jekyll-watch 1.3.0
Using neat 1.7.2
Using jekyll 3.0.1
Bundle complete! 8 Gemfile dependencies, 26 gems now installed.
Bundled gems are installed into /var/go/.bundled-gems.
Neat files installed to neat/
Bourbon files installed to bourbon/
Command [32m./setup.sh[0m exited successfully with status 0. Took 6.27 seconds.

Saving console log for later
